# JRE version: OpenJDK Runtime Environment Temurin-17.0.14+7 (17.0.14+7) (build 17.0.14+7)
# Java VM: OpenJDK 64-Bit Server VM Temurin-17.0.14+7 (17.0.14+7, mixed mode, sharing, tiered, compressed oops, compressed class ptrs, g1 gc, windows-amd64)
GC Precious Log:
 CPUs: 8 total, 8 available
 Memory: 6091M
 Large Page Support: Disabled
 NUMA Support: Disabled
 Compressed Oops: Enabled (32-bit)
 Heap Region Size: 1M
 Heap Min Capacity: 8M
 Heap Initial Capacity: 96M
 Heap Max Capacity: 1524M
 Pre-touch: Disabled
 Parallel Workers: 8
 Concurrent Workers: 2
 Concurrent Refinement Workers: 8
 Periodic GC: Disabled
Heap:
 garbage-first heap   total 110592K, used 52194K [0x00000000a0c00000, 0x0000000100000000)
  region size 1024K, 3 young (3072K), 3 survivors (3072K)
 Metaspace       used 30154K, committed 30528K, reserved 1114112K
  class space    used 3481K, committed 3648K, reserved 1048576K
GC Heap History (20 events):
Event: 4.076 GC heap after
{Heap after GC invocations=3 (full 0):
 garbage-first heap   total 98304K, used 11603K [0x00000000a0c00000, 0x0000000100000000)
  region size 1024K, 8 young (8192K), 8 survivors (8192K)
 Metaspace       used 15337K, committed 15488K, reserved 1114112K
  class space    used 1847K, committed 1920K, reserved 1048576K
}
Event: 5.090 GC heap before
{Heap before GC invocations=3 (full 0):
 garbage-first heap   total 98304K, used 61779K [0x00000000a0c00000, 0x0000000100000000)
  region size 1024K, 57 young (58368K), 8 survivors (8192K)
 Metaspace       used 15892K, committed 16064K, reserved 1114112K
  class space    used 1870K, committed 1920K, reserved 1048576K
}
Event: 5.114 GC heap after
{Heap after GC invocations=4 (full 0):
 garbage-first heap   total 98304K, used 15079K [0x00000000a0c00000, 0x0000000100000000)
  region size 1024K, 4 young (4096K), 4 survivors (4096K)
 Metaspace       used 15892K, committed 16064K, reserved 1114112K
  class space    used 1870K, committed 1920K, reserved 1048576K
}
Event: 6.682 GC heap before
{Heap before GC invocations=4 (full 0):
 garbage-first heap   total 98304K, used 68327K [0x00000000a0c00000, 0x0000000100000000)
  region size 1024K, 56 young (57344K), 4 survivors (4096K)
 Metaspace       used 17725K, committed 17984K, reserved 1114112K
  class space    used 2032K, committed 2176K, reserved 1048576K
}
Event: 6.692 GC heap after
{Heap after GC invocations=5 (full 0):
 garbage-first heap   total 98304K, used 16615K [0x00000000a0c00000, 0x0000000100000000)
  region size 1024K, 5 young (5120K), 5 survivors (5120K)
 Metaspace       used 17725K, committed 17984K, reserved 1114112K
  class space    used 2032K, committed 2176K, reserved 1048576K
}
Event: 7.410 GC heap before
{Heap before GC invocations=5 (full 0):
 garbage-first heap   total 98304K, used 42215K [0x00000000a0c00000, 0x0000000100000000)
  region size 1024K, 26 young (26624K), 5 survivors (5120K)
 Metaspace       used 21255K, committed 21504K, reserved 1114112K
  class space    used 2485K, committed 2624K, reserved 1048576K
}
Event: 7.427 GC heap after
{Heap after GC invocations=6 (full 0):
 garbage-first heap   total 98304K, used 25069K [0x00000000a0c00000, 0x0000000100000000)
  region size 1024K, 7 young (7168K), 7 survivors (7168K)
 Metaspace       used 21255K, committed 21504K, reserved 1114112K
  class space    used 2485K, committed 2624K, reserved 1048576K
}
Event: 8.814 GC heap before
{Heap before GC invocations=7 (full 0):
 garbage-first heap   total 89088K, used 72173K [0x00000000a0c00000, 0x0000000100000000)
  region size 1024K, 52 young (53248K), 7 survivors (7168K)
 Metaspace       used 26164K, committed 26496K, reserved 1114112K
  class space    used 3042K, committed 3200K, reserved 1048576K
}
Event: 8.856 GC heap after
{Heap after GC invocations=8 (full 0):
 garbage-first heap   total 92160K, used 35939K [0x00000000a0c00000, 0x0000000100000000)
  region size 1024K, 7 young (7168K), 7 survivors (7168K)
 Metaspace       used 26164K, committed 26496K, reserved 1114112K
  class space    used 3042K, committed 3200K, reserved 1048576K
}
Event: 8.879 GC heap before
{Heap before GC invocations=8 (full 0):
 garbage-first heap   total 92160K, used 36963K [0x00000000a0c00000, 0x0000000100000000)
  region size 1024K, 8 young (8192K), 7 survivors (7168K)
 Metaspace       used 26183K, committed 26560K, reserved 1114112K
  class space    used 3043K, committed 3200K, reserved 1048576K
}
Event: 8.896 GC heap after
{Heap after GC invocations=9 (full 0):
 garbage-first heap   total 110592K, used 37376K [0x00000000a0c00000, 0x0000000100000000)
  region size 1024K, 1 young (1024K), 1 survivors (1024K)
 Metaspace       used 26183K, committed 26560K, reserved 1114112K
  class space    used 3043K, committed 3200K, reserved 1048576K
}
Event: 10.618 GC heap before
{Heap before GC invocations=9 (full 0):
 garbage-first heap   total 110592K, used 78336K [0x00000000a0c00000, 0x0000000100000000)
  region size 1024K, 41 young (41984K), 1 survivors (1024K)
 Metaspace       used 28460K, committed 28736K, reserved 1114112K
  class space    used 3276K, committed 3392K, reserved 1048576K
}
Event: 10.628 GC heap after
{Heap after GC invocations=10 (full 0):
 garbage-first heap   total 110592K, used 40198K [0x00000000a0c00000, 0x0000000100000000)
  region size 1024K, 3 young (3072K), 3 survivors (3072K)
 Metaspace       used 28460K, committed 28736K, reserved 1114112K
  class space    used 3276K, committed 3392K, reserved 1048576K
}
Event: 12.061 GC heap before
{Heap before GC invocations=11 (full 0):
 garbage-first heap   total 110592K, used 85254K [0x00000000a0c00000, 0x0000000100000000)
  region size 1024K, 43 young (44032K), 3 survivors (3072K)
 Metaspace       used 30154K, committed 30528K, reserved 1114112K
  class space    used 3481K, committed 3648K, reserved 1048576K
}
Event: 12.079 GC heap after
{Heap after GC invocations=12 (full 0):
 garbage-first heap   total 110592K, used 48984K [0x00000000a0c00000, 0x0000000100000000)
  region size 1024K, 6 young (6144K), 6 survivors (6144K)
 Metaspace       used 30154K, committed 30528K, reserved 1114112K
  class space    used 3481K, committed 3648K, reserved 1048576K
}
Event: 12.093 GC heap before
{Heap before GC invocations=12 (full 0):
 garbage-first heap   total 110592K, used 50008K [0x00000000a0c00000, 0x0000000100000000)
  region size 1024K, 7 young (7168K), 6 survivors (6144K)
 Metaspace       used 30154K, committed 30528K, reserved 1114112K
  class space    used 3481K, committed 3648K, reserved 1048576K
}
Event: 12.109 GC heap after
{Heap after GC invocations=13 (full 0):
 garbage-first heap   total 110592K, used 49847K [0x00000000a0c00000, 0x0000000100000000)
  region size 1024K, 1 young (1024K), 1 survivors (1024K)
 Metaspace       used 30154K, committed 30528K, reserved 1114112K
  class space    used 3481K, committed 3648K, reserved 1048576K
}
Event: 12.171 GC heap before
{Heap before GC invocations=13 (full 0):
 garbage-first heap   total 110592K, used 51895K [0x00000000a0c00000, 0x0000000100000000)
  region size 1024K, 4 young (4096K), 1 survivors (1024K)
 Metaspace       used 30154K, committed 30528K, reserved 1114112K
  class space    used 3481K, committed 3648K, reserved 1048576K
}
Event: 12.173 GC heap after
{Heap after GC invocations=14 (full 0):
 garbage-first heap   total 110592K, used 49829K [0x00000000a0c00000, 0x0000000100000000)
  region size 1024K, 1 young (1024K), 1 survivors (1024K)
 Metaspace       used 30154K, committed 30528K, reserved 1114112K
  class space    used 3481K, committed 3648K, reserved 1048576K
}
Event: 12.241 GC heap before
{Heap before GC invocations=14 (full 0):
 garbage-first heap   total 110592K, used 56997K [0x00000000a0c00000, 0x0000000100000000)
  region size 1024K, 8 young (8192K), 1 survivors (1024K)
 Metaspace       used 30154K, committed 30528K, reserved 1114112K
  class space    used 3481K, committed 3648K, reserved 1048576K
}

